
=======================================================
  DAILY PIPELINE  MLB
  Date   : 2026-06-23
  Started: 10:00 ET
=======================================================

-------------------------------------------------------
  STATIC FILE CHECK  (MLB reference data)
-------------------------------------------------------
  OK       splits_vs_LHP.txt                     (today)
  OK       splits_vs_RHP.txt                     (today)
  OK       splits_home.txt                       (today)
  OK       splits_away.txt                       (today)
  OK       pitchers_xfip_siera.txt               (1 day old)
  OK       pitchers_last14.txt                   (today)
  OK       Bullpen.txt                           (today)
  OK       park_factors_all.txt                  (3 days old)
  OK       park_factors_roof_closed.txt          (3 days old)
  OK       lineup_tracker.txt                    (today)

  All 10 static files OK.

-------------------------------------------------------
  RUNNING: Odds
-------------------------------------------------------

=======================================================
  FETCH ODDS Ś MLB
  Slate date (US ET): 2026-06-23
=======================================================

Step 1: Calling TheOddsAPI...
  Events returned:   15
  Credits used:      132   |   Remaining this month: 368

Step 2: Raw response saved -> data\mlb\2026-06-23\odds_raw.json

Step 3: Filtering to 2026-06-23 and parsing events...
  Games on 2026-06-23: 15

Step 4: games.json exists Ś merging (opening_snapshot preserved)...

Step 5: Game objects saved -> data\mlb\2026-06-23\games.json

=======================================================
  DONE
  Sport:        MLB
  Date:         2026-06-23
  Games:        15
  Snapshot:     opening_snapshot PRESERVED
=======================================================

  Time ET   Matchup               ML (median)       Total     Books
  ------------------------------------------------------------------
  16:08     HOU @ TOR             +119 / -137       o/u 8.5   9
  18:41     NYY @ DET             -115 / -102       o/u 7.5   9
  18:41     KC @ TB               +158 / -187       o/u 8.0   9
  18:41     TEX @ MIA             +128 / -155       o/u 8.5   9
  18:41     SEA @ PIT             -122 / +105       o/u 8.5   9
  18:46     PHI @ WAS             -166 / +142       o/u 8.5   9
  19:11     CHC @ NYM             +102 / -120       o/u 8.0   9
  19:11     MIL @ CIN             -120 / +102       o/u 9.5   9
  19:41     CLE @ CHW             -113 / -104       o/u 7.0   9
  19:41     LAD @ MIN             -166 / +145       o/u 8.5   9
  19:46     AZ @ STL              -105 / -112       o/u 8.5   9
  20:41     BOS @ COL             -162 / +140       o/u 10.5  9
  21:39     BAL @ LAA             -155 / +132       o/u 9.0   9
  21:40     ATL @ SD              -111 / -108       o/u 8.0   9
  21:46     ATH @ SF              +105 / -122       o/u 8.5   9


-------------------------------------------------------
  RUNNING: Covers Lines
-------------------------------------------------------

============================================================
  FETCH COVERS LINES  MLB  2026-06-23
============================================================

Step 1: Rendering Covers odds page (Playwright)...
Traceback (most recent call last):
  File "D:\repos\ai-capper_v2\scripts\fetch_covers_lines.py", line 512, in <module>
    main()
  File "D:\repos\ai-capper_v2\scripts\fetch_covers_lines.py", line 453, in main
    covers_games = fetch_covers_game_ids()
                   ^^^^^^^^^^^^^^^^^^^^^^^
  File "D:\repos\ai-capper_v2\scripts\fetch_covers_lines.py", line 88, in fetch_covers_game_ids
    from playwright.sync_api import sync_playwright
ModuleNotFoundError: No module named 'playwright'

  EXIT CODE: 1  (Covers Lines failed)

!!!!!!!!!!!!!!!!!!!!!!!!!!!!!!!!!!!!!!!!!!!!!!!!!!!!!!!
  WARNING: fetch_covers_lines.py failed (optional step Ś pipeline continues)
  Data affected: prompt may be missing stats from this step.
  Fix: check the error output above, then re-run:
    python scripts/fetch_covers_lines.py --sport mlb --date 2026-06-23
  Then rebuild: python scripts/build_prompt.py --sport mlb --date 2026-06-23
!!!!!!!!!!!!!!!!!!!!!!!!!!!!!!!!!!!!!!!!!!!!!!!!!!!!!!!


-------------------------------------------------------
  RUNNING: Opener Lines
-------------------------------------------------------

fetch_opener.py  sport=mlb  date=2026-06-23
  games.json : data\mlb\2026-06-23\games.json
  Source     : covers.com/sport/baseball/mlb/odds
Traceback (most recent call last):
  File "D:\repos\ai-capper_v2\scripts\fetch_opener.py", line 530, in <module>
    main()
  File "D:\repos\ai-capper_v2\scripts\fetch_opener.py", line 437, in main
    from playwright.sync_api import sync_playwright
ModuleNotFoundError: No module named 'playwright'

  EXIT CODE: 1  (Opener Lines failed)

!!!!!!!!!!!!!!!!!!!!!!!!!!!!!!!!!!!!!!!!!!!!!!!!!!!!!!!
  WARNING: fetch_opener.py failed (optional step Ś pipeline continues)
  Data affected: prompt may be missing stats from this step.
  Fix: check the error output above, then re-run:
    python scripts/fetch_opener.py --sport mlb --date 2026-06-23
  Then rebuild: python scripts/build_prompt.py --sport mlb --date 2026-06-23
!!!!!!!!!!!!!!!!!!!!!!!!!!!!!!!!!!!!!!!!!!!!!!!!!!!!!!!


-------------------------------------------------------
  RUNNING: Pitchers
-------------------------------------------------------

=======================================================
  FETCH PITCHERS Ś MLB
  Slate date (US ET): 2026-06-23
  Season:             2026
=======================================================

Loaded 15 games from games.json

Step 1: Fetching MLB Stats API schedule with probable pitchers...
  MLB API returned 15 games

Step 2: Fetching season stats for 29 pitchers...
  Aaron Civale (R): ERA 4.91
  Brandon Sproat (R): ERA 5.94
  Cal Quantrill (R): ERA 3.68
  Carlos Rod¾n (L): ERA 3.5
  Casey Mize (R): ERA 2.58
  Eduardo Rodriguez (L): ERA 2.45
  Edward Cabrera (R): ERA 5.21
  George Kirby (R): ERA 4.1
  JR Ritchie (R): ERA 4.54
  Jes·s Luzardo (L): ERA 4.2
  Justin Wrobleski (L): ERA 2.72
  Kendry Rojas (L): ERA 1.26
  Kodai Senga (R): ERA 9.0
  Kyle Leahy (R): ERA 4.63
  Luinder Avila (R): ERA 5.5
  Mitch Keller (R): ERA 4.92
  Nick Lodolo (L): ERA 6.12
  Parker Messick (L): ERA 2.7
  Peter Lambert (R): ERA 3.23
  Robbie Ray (L): ERA 4.07
  Ryan Johnson (R): ERA 12.83
  Sandy Alcantara (R): ERA 4.18
  Sean Burke (R): ERA 3.89
  Sean Sullivan (L): ERA 10.29
  Shane Baz (R): ERA 4.04
  Shane Bieber (R): no stats yet
  Shane McClanahan (L): ERA 3.33
  Sonny Gray (R): ERA 3.12
  Zack Littell (R): ERA 5.45

Step 3: Matching games and writing pitcher context...
  NOTE: Shane Bieber (id=669456) listed under 'Buffalo Bisons' (parent org = Toronto Blue Jays) Ś minor-league roster, probable-pitcher feed likely reflects a call-up. Continuing.
  HOU @ TOR: Peter Lambert vs Shane Bieber
  NYY @ DET: Carlos Rod¾n vs Casey Mize
  KC @ TB: Luinder Avila vs Shane McClanahan
  TEX @ MIA: Cal Quantrill vs Sandy Alcantara
  SEA @ PIT: George Kirby vs Mitch Keller
  PHI @ WAS: Jes·s Luzardo vs Zack Littell
  CHC @ NYM: Edward Cabrera vs Kodai Senga
  MIL @ CIN: Brandon Sproat vs Nick Lodolo
  CLE @ CHW: Parker Messick vs Sean Burke
  LAD @ MIN: Justin Wrobleski vs Kendry Rojas
  AZ @ STL: Eduardo Rodriguez vs Kyle Leahy
  BOS @ COL: Sonny Gray vs Sean Sullivan
  BAL @ LAA: Shane Baz vs Ryan Johnson
  ATL @ SD: JR Ritchie vs TBD
  ATH @ SF: Aaron Civale vs Robbie Ray

Step 4: Saved -> data\mlb\2026-06-23\games.json

=======================================================
COMPLETED GAME OBJECT Ś context block (DET @ TB)
=======================================================

=======================================================
  DONE
  Games updated:  15/15
  Pitchers TBD:   1
    ATL @ SD (home TBD)
=======================================================


-------------------------------------------------------
  RUNNING: Pitcher Adv.
-------------------------------------------------------

=======================================================
  FETCH PITCHER ADVANCED  MLB
  Date:    2026-06-23
  Season:  2026
  Source:  Baseball Savant (via pybaseball)
=======================================================

Loaded 15 games  |  29 pitchers  |  29 have MLBAM ID

Step 1: Fetching Baseball Savant data...
  Calling statcast_pitcher_expected_stats...
  Calling statcast_pitcher_exitvelo_barrels...
  Expected stats: 362 pitchers
  Exit velo stats: 621 pitchers

Step 1b: Fetching team offensive barrel%...
INFO: team barrel% loading from static file via load_static_data.py

Step 2: Enriching pitcher contexts...

  Matchup       Side  Name                     xERA    HH%   Brl%   K/9     IP  Sm?
  ------------  ----  ----------------------  -----  -----  -----  ----  -----  ---
  HOU @ TOR     Away  Peter Lambert            3.51   39.1    6.3   8.2   64.0  
  HOU @ TOR     Home  Shane Bieber                Ś      Ś      Ś     Ś      Ś  
  NYY @ DET     Away  Carlos Rod¾n             3.59   38.2    5.6  10.2   36.0  
  NYY @ DET     Home  Casey Mize               3.03   35.7    7.9   8.9   52.1  
  KC @ TB       Away  Luinder Avila            4.37   31.2    7.3   7.9   37.2  
  KC @ TB       Home  Shane McClanahan         3.91   42.0    8.5   9.2   67.2  
  TEX @ MIA     Away  Cal Quantrill            5.34   39.1    9.8   5.8   29.1  Y
  TEX @ MIA     Home  Sandy Alcantara          3.85   35.7    6.2   6.7  103.1  
  SEA @ PIT     Away  George Kirby             3.64   41.8    6.2   7.9   90.0  
  SEA @ PIT     Home  Mitch Keller             5.00   41.0    6.4   7.1   82.1  
  PHI @ WAS     Away  Jes·s Luzardo            3.34   28.9    6.4  10.2   85.2  
  PHI @ WAS     Home  Zack Littell             6.64   45.5   11.4   5.2   71.0  
  CHC @ NYM     Away  Edward Cabrera           4.86   42.2   12.6   8.2   67.1  
  CHC @ NYM     Home  Kodai Senga              5.10   38.2   11.8  10.5   24.0  Y
  MIL @ CIN     Away  Brandon Sproat           5.06   43.0    9.1   8.9   63.2  
  MIL @ CIN     Home  Nick Lodolo              6.64   39.6    8.6   6.8   42.2  
  CLE @ CHW     Away  Parker Messick           3.34   34.7    5.8   9.4   86.2  
  CLE @ CHW     Home  Sean Burke               3.99   36.3    7.2   9.0   81.0  
  LAD @ MIN     Away  Justin Wrobleski         4.19   44.4    7.3   5.7   79.1  
  LAD @ MIN     Home  Kendry Rojas                Ś   36.1    8.3   8.8   14.1  Y
  AZ @ STL      Away  Eduardo Rodriguez        4.93   35.7    8.0   6.6   88.1  
  AZ @ STL      Home  Kyle Leahy               6.07   50.7   11.6   7.6   70.0  
  BOS @ COL     Away  Sonny Gray               3.94   37.5    7.2   7.1   69.1  
  BOS @ COL     Home  Sean Sullivan               Ś   28.6    0.0   5.1    7.0  Y
  BAL @ LAA     Away  Shane Baz                4.64   40.7    8.1   7.7   89.0  
  BAL @ LAA     Home  Ryan Johnson                Ś   42.1    8.8   4.7   13.1  Y
  ATL @ SD      Away  JR Ritchie               4.86   40.0    7.0   7.6   35.2  
  ATH @ SF      Away  Aaron Civale             5.51   48.0    9.8   6.3   58.2  
  ATH @ SF      Home  Robbie Ray               4.96   36.9   11.6   8.4   79.2  

Step 3: Saved -> data\mlb\2026-06-23\games.json

=======================================================
  DONE
  Pitchers processed:  29
  Savant data matched: 25 / 29 with ID
  FIP: computed from HR/BB/HBP/K/IP (no FanGraphs needed)
  Whiff%: from statcast_pitcher_expected_stats (whiff_percent column)
  Team Brl%: loaded from data/static/team_barrels.txt via load_static_data
  Note: xFIP / K%% / BB%% / BABIP still unavailable (FanGraphs 403)
=======================================================


-------------------------------------------------------
  RUNNING: Weather
-------------------------------------------------------

=======================================================
  FETCH WEATHER Ś MLB
  Slate date (US ET): 2026-06-23
=======================================================

Loaded 15 games from games.json

  HOU @ TOR: 76.9░F, 9.8mph gust 14.1mph N, Mainly clear, 0% precip
  NYY @ DET: 74.7░F, 11.1mph gust 14.5mph NE, Clear sky, 0% precip
  KC @ TB: Tropicana Field Ś dome, skipping API call
  TEX @ MIA: 83.1░F, 11.7mph gust 16.8mph W, Overcast, 14% precip
  SEA @ PIT: 75.2░F, 9.9mph gust 15.9mph NW, Overcast, 0% precip
  PHI @ WAS: 75.8░F, 3.4mph gust 14.8mph NE, Clear sky, 10% precip
  CHC @ NYM: 70.0░F, 2.2mph gust 8.3mph SW, Overcast, 18% precip
  MIL @ CIN: 77.3░F, 7.8mph gust 12.1mph N, Clear sky, 0% precip
  CLE @ CHW: 65.7░F, 7.8mph gust 13.0mph NE, Overcast, 0% precip
  LAD @ MIN: 65.7░F, 4.3mph gust 15.0mph SW, Heavy rain, 67% precip
  AZ @ STL: 81.7░F, 5.4mph gust 6.0mph NE, Overcast, 1% precip
  BOS @ COL: 84.0░F, 14.4mph gust 20.4mph E, Clear sky, 5% precip
  BAL @ LAA: 73.9░F, 8.2mph gust 9.8mph SW, Overcast, 1% precip
  ATL @ SD: 70.4░F, 6.8mph gust 7.8mph NW, Mainly clear, 4% precip
  ATH @ SF: 61.3░F, 13.3mph gust 21.0mph W, Mainly clear, 1% precip

Step 2: Saved -> data\mlb\2026-06-23\games.json

=======================================================
  DONE
  Games updated:     15/15
  Open-Meteo calls:  14  (domes skipped: 1)
=======================================================

CF BEARING ESTIMATES Ś 13 venue(s) in this slate use
  estimated bearings. Verify against:
    Andrew Clem  : andrewclem.com/Baseball
    Seamheads    : seamheads.com/ballparks
    Angel Stadium
    Busch Stadium
    Citi Field
    Comerica Park
    Great American Ball Park
    Guaranteed Rate Field
    Nationals Park
    Oracle Park
    PNC Park
    Petco Park
    Rogers Centre
    Target Field
    loanDepot park

COMPLETED CONTEXT BLOCK Ś one outdoor game (MIA @ WAS):
-------------------------------------------------------

-------------------------------------------------------
  RUNNING: Team Stats
-------------------------------------------------------

=======================================================
  FETCH TEAM STATS  MLB
  Slate date (US ET): 2026-06-23
  Season:             2026
=======================================================

Loaded 15 games

Step 1: Fetching MLB standings (all 30 teams, one API call)...
  Received 30 team records

Step 2: Matching teams and writing context...
  HOU @ TOR: 37-43 (L10 6-4)  vs  39-39 (L10 6-4)
  NYY @ DET: 46-31 (L10 5-5)  vs  34-44 (L10 6-4)
  KC @ TB: 33-46 (L10 5-5)  vs  43-32 (L10 3-7)
  TEX @ MIA: 38-40 (L10 4-6)  vs  40-39 (L10 6-4)
  SEA @ PIT: 40-39 (L10 4-6)  vs  39-39 (L10 4-6)
  PHI @ WAS: 42-36 (L10 5-5)  vs  41-38 (L10 6-4)
  CHC @ NYM: 40-37 (L10 6-4)  vs  34-43 (L10 5-5)
  MIL @ CIN: 47-29 (L10 6-4)  vs  37-40 (L10 5-5)
  CLE @ CHW: 41-38 (L10 4-6)  vs  40-37 (L10 4-6)
  LAD @ MIN: 50-29 (L10 6-4)  vs  38-42 (L10 7-3)
  AZ @ STL: 39-39 (L10 5-5)  vs  42-34 (L10 5-5)
  BOS @ COL: 31-45 (L10 4-6)  vs  31-48 (L10 5-5)
  BAL @ LAA: 38-42 (L10 5-5)  vs  32-48 (L10 4-6)
  ATL @ SD: 48-29 (L10 3-7)  vs  40-37 (L10 5-5)
  ATH @ SF: 38-40 (L10 5-5)  vs  31-46 (L10 4-6)
Step 2b: Fetching L10 RS/G for each team in the slate...
  HOU: L10 RS/G = 4.3
  TOR: L10 RS/G = 4.3
  NYY: L10 RS/G = 5.0
  DET: L10 RS/G = 4.5
  KC: L10 RS/G = 6.4
  TB: L10 RS/G = 3.1
  TEX: L10 RS/G = 3.8
  MIA: L10 RS/G = 4.3
  SEA: L10 RS/G = 3.4
  PIT: L10 RS/G = 4.6
  PHI: L10 RS/G = 5.4
  WSH: L10 RS/G = 4.8
  CHC: L10 RS/G = 6.0
  NYM: L10 RS/G = 4.4
  MIL: L10 RS/G = 4.7
  CIN: L10 RS/G = 4.0
  CLE: L10 RS/G = 3.6
  CWS: L10 RS/G = 4.1
  LAD: L10 RS/G = 3.4
  MIN: L10 RS/G = 7.1
  AZ: L10 RS/G = 4.4
  STL: L10 RS/G = 5.4
  BOS: L10 RS/G = 3.8
  COL: L10 RS/G = 6.2
  BAL: L10 RS/G = 4.4
  LAA: L10 RS/G = 5.0
  ATL: L10 RS/G = 2.8
  SD: L10 RS/G = 4.2
  ATH: L10 RS/G = 6.6
  SF: L10 RS/G = 4.2

Step 3: Saved -> data\mlb\2026-06-23\games.json

=======================================================
SAMPLE CONTEXT Ś team_away / team_home (first game)
=======================================================
{
  "team_away": {
    "name": "Houston Astros",
    "abbr": "HOU",
    "team_id": 117,
    "wins": 37,
    "losses": 43,
    "pct": ".463",
    "run_differential": -43,
    "runs_scored": 358,
    "runs_allowed": 401,
    "games_played": 80,
    "rs_per_game": 4.5,
    "ra_per_game": 5.0,
    "last10_wins": 6,
    "last10_losses": 4,
    "home_wins": 20,
    "home_losses": 21,
    "away_wins": 17,
    "away_losses": 22,
    "streak": "L1",
    "source": "mlb_official",
    "source_priority": 1,
    "fetched_at": "2026-06-23T14:01:17Z",
    "l10_rs_per_game": 4.3
  },
  "team_home": {
    "name": "Toronto Blue Jays",
    "abbr": "TOR",
    "team_id": 141,
    "wins": 39,
    "losses": 39,
    "pct": ".500",
    "run_differential": -23,
    "runs_scored": 320,
    "runs_allowed": 343,
    "games_played": 78,
    "rs_per_game": 4.1,
    "ra_per_game": 4.4,
    "last10_wins": 6,
    "last10_losses": 4,
    "home_wins": 22,
    "home_losses": 18,
    "away_wins": 17,
    "away_losses": 21,
    "streak": "W2",
    "source": "mlb_official",
    "source_priority": 1,
    "fetched_at": "2026-06-23T14:01:17Z",
    "l10_rs_per_game": 4.3
  }
}

=======================================================
  DONE
  Games updated:  15/15
=======================================================


-------------------------------------------------------
  RUNNING: Bullpen
-------------------------------------------------------

=======================================================
  FETCH BULLPEN Ś MLB
  Slate date:   2026-06-23
  Lookback:     2026-06-19  to  2026-06-22
  Heavy thresh: 25+ pitches = likely unavailable
=======================================================

Loaded 15 games

Step 1: Fetching team IDs from MLB schedule API...
  Found 30 team IDs

Step 2: Fetching recent boxscores for each team...

  -- HOU (id=117) --
     Season saves leader: Bryan King
     Completed games in lookback: 4
     Boxscore: 2026-06-20  gamePk=824180  (home)
       Nate Pearson: 24p  1.0ip
       AJ Blubaugh: 16p  1.0ip
       Bryan Abreu: 11p  1.0ip
     Boxscore: 2026-06-21  gamePk=824177  (home)
       Steven Okert: 21p  1.0ip
       Bryan King: 11p  1.0ip
       Josh Hader: 9p  1.0ip  SAVE
     Boxscore: 2026-06-22  gamePk=822800  (away)
       AJ Blubaugh: 38p  2.0ip
       Enyel De Los Santos: 19p  1.1ip
       Bryan King: 11p  0.2ip
       Logan VanWey: 16p  1.0ip
     Closer: Bryan King (TAXED) | Taxed: 4

  -- TOR (id=141) --
     Season saves leader: Louis Varland
     Completed games in lookback: 4
     Boxscore: 2026-06-20  gamePk=824665  (away)
       Lazaro Estrada: 32p  2.1ip
       Jeff Hoffman: 22p  1.0ip
       Mason Fluharty: 11p  0.0ip
       Louis Varland: 28p  2.0ip  SAVE
     Boxscore: 2026-06-21  gamePk=824664  (away)
       (no reliever data returned)
     Boxscore: 2026-06-22  gamePk=822800  (home)
       Braydon Fisher: 6p  1.1ip
       Tyler Rogers: 19p  1.0ip
       Louis Varland: 12p  1.0ip  SAVE
     Closer: Louis Varland (available) | Taxed: 3

  -- NYY (id=147) --
     Season saves leader: David Bednar
     Completed games in lookback: 4
     Boxscore: 2026-06-20  gamePk=823532  (home)
       Tim Hill: 5p  0.1ip
       Jake Bird: 15p  1.0ip
       Ryan Yarbrough: 29p  1.0ip
       Max Schuemann: 14p  1.0ip
     Boxscore: 2026-06-21  gamePk=823531  (home)
       Tim Hill: 11p  1.0ip
       Paul Blackburn: 7p  1.1ip
       Brent Headrick: 11p  1.0ip
       Fernando Cruz: 12p  0.2ip
       Camilo Doval: 29p  1.0ip
     Boxscore: 2026-06-22  gamePk=824261  (away)
       Paul Blackburn: 18p  1.2ip
       Ryan Yarbrough: 31p  2.0ip
     Closer: David Bednar (available) | Taxed: 2

  -- DET (id=116) --
     Season saves leader: Kenley Jansen
     Completed games in lookback: 4
     Boxscore: 2026-06-20  gamePk=824263  (home)
       Tyler Holton: 21p  2.0ip
       Kenley Jansen: 10p  1.0ip  SAVE
     Boxscore: 2026-06-21  gamePk=824260  (home)
       Drew Sommers: 17p  1.0ip
       Kyle Finnegan: 13p  1.0ip
       Will Vest: 16p  1.0ip
     Boxscore: 2026-06-22  gamePk=824261  (home)
       Drew Anderson: 19p  1.1ip
       Drew Sommers: 6p  0.1ip
       Will Vest: 12p  1.1ip  SAVE
     Closer: Kenley Jansen (available) | Taxed: 3

  -- KC (id=118) --
     Season saves leader: Lucas Erceg
     Completed games in lookback: 3
     Boxscore: 2026-06-19  gamePk=824097  (home)
       John Schreiber: 12p  1.0ip
       Daniel Lynch IV: 11p  1.0ip
       Matt Strahm: 22p  0.2ip
       Alex Lange: 10p  0.1ip  SAVE
     Boxscore: 2026-06-21  gamePk=824095  (home)
       Connor Seabold: 29p  1.1ip
       Steven Cruz: 37p  1.2ip
       Lucas Erceg: 18p  1.1ip
       Matt Strahm: 16p  1.0ip
       Beck Way: 18p  2.0ip
     Boxscore: 2026-06-22  gamePk=822964  (away)
       John Schreiber: 18p  1.0ip
       Alex Lange: 15p  1.0ip  SAVE
     Closer: Lucas Erceg (available) | Taxed: 2

  -- TB (id=139) --
     Season saves leader: Bryan Baker
     Completed games in lookback: 4
     Boxscore: 2026-06-20  gamePk=822967  (home)
       Craig Kimbrel: 11p  1.0ip
       Cole Sulser: 25p  2.0ip
       Cam Booser: 24p  1.0ip
     Boxscore: 2026-06-21  gamePk=822968  (home)
       Garrett Cleavinger: 14p  1.0ip
       Bryan Baker: 19p  1.0ip
       Kevin Kelly: 14p  1.0ip  SAVE
     Boxscore: 2026-06-22  gamePk=822964  (home)
       Cam Booser: 9p  1.0ip
       Cole Sulser: 13p  1.0ip
       Craig Kimbrel: 14p  1.0ip
     Closer: Bryan Baker (available) | Taxed: 3

  -- TEX (id=140) --
     Season saves leader: Jacob Latz
     Completed games in lookback: 4
     Boxscore: 2026-06-20  gamePk=822885  (home)
       Peyton Gray: 15p  1.0ip
       Cole Winn: 14p  0.2ip
       Tyler Alexander: 9p  0.1ip
       Jacob Latz: 13p  1.0ip
       Joe Ross: 21p  1.0ip
     Boxscore: 2026-06-21  gamePk=822883  (home)
       Peyton Gray: 11p  1.0ip
       Robby Ahlstrom: 12p  1.0ip
       Jakob Junis: 15p  1.0ip  SAVE
     Boxscore: 2026-06-22  gamePk=823851  (away)
       Kumar Rocker: 76p  5.0ip
       Robby Ahlstrom: 8p  1.0ip
       Jakob Junis: 17p  0.2ip
       Jacob Latz: 31p  1.1ip  SAVE
     Closer: Jacob Latz (TAXED) | Taxed: 4

  -- MIA (id=146) --
     Season saves leader: Pete Fairbanks
     Completed games in lookback: 4
     Boxscore: 2026-06-20  gamePk=823854  (home)
       Tyler Zuber: 22p  1.1ip
       Cade Gibson: 25p  1.0ip
       Anthony Bender: 13p  0.2ip
       Pete Fairbanks: 15p  1.0ip  SAVE
     Boxscore: 2026-06-21  gamePk=823852  (home)
       John King: 10p  1.1ip
       Calvin Faucher: 12p  1.1ip
       Michael Petersen: 16p  1.0ip
       Lake Bachar: 11p  1.0ip  SAVE
     Boxscore: 2026-06-22  gamePk=823851  (home)
       Michael Petersen: 13p  0.2ip
       Anthony Bender: 7p  0.1ip
       Calvin Faucher: 24p  1.0ip
       Dax Fulton: 16p  1.0ip
     Closer: Pete Fairbanks (available) | Taxed: 4

  -- SEA (id=136) --
     Season saves leader: Andrķs Mu±oz
     Completed games in lookback: 3
     Boxscore: 2026-06-19  gamePk=823124  (home)
       Luis Castillo: 63p  4.0ip
     Boxscore: 2026-06-20  gamePk=823126  (home)
       Josķ A. Ferrer: 18p  0.2ip
       Nick Davila: 24p  1.0ip
       Michael Rucker: 15p  1.0ip
       Alex Hoppe: 14p  1.0ip
     Boxscore: 2026-06-21  gamePk=823123  (home)
       Gabe Speier: 9p  0.2ip
       Eduard Bazardo: 11p  1.0ip
       Andrķs Mu±oz: 15p  1.0ip  SAVE
     Closer: Andrķs Mu±oz (available) | Taxed: 0

  -- PIT (id=134) --
     Season saves leader: Gregory Soto
     Completed games in lookback: 3
     Boxscore: 2026-06-19  gamePk=824345  (away)
       Yohan RamĒrez: 6p  1.1ip
       Mason Montgomery: 24p  0.2ip
     Boxscore: 2026-06-20  gamePk=824342  (away)
       Carmen Mlodzinski: 32p  2.0ip
     Boxscore: 2026-06-21  gamePk=824343  (away)
       Yohan RamĒrez: 28p  2.0ip
       Evan Sisk: 35p  2.0ip
       Dennis Santana: 18p  1.0ip
       Gregory Soto: 19p  1.0ip
     Closer: Gregory Soto (available) | Taxed: 0

  -- PHI (id=143) --
     Season saves leader: Jhoan Duran
     Completed games in lookback: 3
     Boxscore: 2026-06-20  gamePk=823447  (home)
       Max Lazar: 26p  2.0ip
       Jhoan Duran: 17p  1.0ip
     Boxscore: 2026-06-21  gamePk=823449  (home)
       Jonathan Bowlan: 4p  0.1ip
       Josķ Alvarado: 21p  1.0ip
       Orion Kerkering: 11p  1.0ip
       Jhoan Duran: 15p  1.0ip
     Boxscore: 2026-06-22  gamePk=822720  (away)
       Alan Rangel: 72p  5.0ip
       Seth Johnson: 17p  1.0ip
       Chase Shugart: 24p  1.0ip
     Closer: Jhoan Duran (available) | Taxed: 3

  -- WAS (id=120) --
     Season saves leader: Clayton Beeter
     Completed games in lookback: 4
     Boxscore: 2026-06-20  gamePk=822967  (away)
       Mitchell Parker: 32p  2.1ip
       Brad Lord: 36p  3.0ip
       Clayton Beeter: 21p  1.0ip  SAVE
     Boxscore: 2026-06-21  gamePk=822968  (away)
       Gus Varland: 32p  2.0ip
       Orlando Ribalta: 27p  1.0ip
       Paxton Schultz: 16p  1.0ip
     Boxscore: 2026-06-22  gamePk=822720  (home)
       Richard Lovelady: 9p  0.2ip
       Clayton Beeter: 6p  1.0ip  SAVE
     Closer: Clayton Beeter (available) | Taxed: 2

  -- CHC (id=112) --
     Season saves leader: Daniel Palencia
     Completed games in lookback: 4
     Boxscore: 2026-06-20  gamePk=824665  (home)
       Ryan Rolison: 1p  0.2ip
       Trent Thornton: 13p  0.2ip
       Caleb Thielbar: 13p  0.1ip
       Jacob Webb: 27p  0.2ip
       Ethan Roberts: 14p  1.1ip
     Boxscore: 2026-06-21  gamePk=824664  (home)
       (no reliever data returned)
     Boxscore: 2026-06-22  gamePk=823613  (away)
       (no reliever data returned)
     Closer: Daniel Palencia (available) | Taxed: 0

  -- NYM (id=121) --
     Season saves leader: Devin Williams
     Completed games in lookback: 3
     Boxscore: 2026-06-20  gamePk=823447  (away)
       Cionel Pķrez: 32p  2.0ip
       Tobias Myers: 41p  2.1ip
       Zack Short: 10p  1.0ip
     Boxscore: 2026-06-21  gamePk=823449  (away)
       Austin Warren: 37p  2.0ip
       Brooks Raley: 21p  1.0ip
       A.J. Minter: 9p  1.0ip
     Boxscore: 2026-06-22  gamePk=823613  (home)
       (no reliever data returned)
     Closer: Devin Williams (available) | Taxed: 0

  -- MIL (id=158) --
     Season saves leader: Trevor Megill
     Completed games in lookback: 4
     Boxscore: 2026-06-20  gamePk=824909  (away)
       Abner Uribe: 8p  0.2ip
       Trevor Megill: 8p  1.0ip
       Aaron Ashby: 14p  0.1ip
     Boxscore: 2026-06-21  gamePk=824908  (away)
       Chad Patrick: 40p  3.0ip  SAVE
     Boxscore: 2026-06-22  gamePk=824502  (away)
       Aaron Ashby: 17p  1.0ip
       Abner Uribe: 10p  1.0ip
       Trevor Megill: 12p  1.0ip
       Joel Kuhnel: 10p  1.0ip  SAVE
     Closer: Trevor Megill (available) | Taxed: 4

  -- CIN (id=113) --
     Season saves leader: Emilio Pagßn
     Completed games in lookback: 4
     Boxscore: 2026-06-20  gamePk=823532  (away)
       Tejay Antone: 23p  2.0ip
       Brock Burke: 13p  1.0ip
       Chase Petty: 23p  1.0ip
     Boxscore: 2026-06-21  gamePk=823531  (away)
       Sam Moll: 21p  1.0ip
       Caleb Ferguson: 13p  1.0ip
       Tony Santillan: 16p  2.0ip  SAVE
     Boxscore: 2026-06-22  gamePk=824502  (home)
       Sam Moll: 12p  1.0ip
       Tejay Antone: 11p  0.2ip
       Brock Burke: 6p  0.1ip
       Tony Santillan: 13p  1.0ip
     Closer: Emilio Pagßn (available) | Taxed: 4

  -- CLE (id=114) --
     Season saves leader: Cade Smith
     Completed games in lookback: 4
     Boxscore: 2026-06-20  gamePk=824180  (away)
       Matt Festa: 15p  1.0ip
     Boxscore: 2026-06-21  gamePk=824177  (away)
       Colin Holderman: 9p  1.0ip
       Hunter Gaddis: 14p  1.0ip
     Boxscore: 2026-06-22  gamePk=824585  (away)
       Tim Herrin: 16p  1.0ip
       Shawn Armstrong: 14p  1.0ip
       Cade Smith: 28p  1.2ip
     Closer: Cade Smith (TAXED) | Taxed: 3

  -- CHW (id=145) --
     Season saves leader: Seranthony DomĒnguez
     Completed games in lookback: 4
     Boxscore: 2026-06-20  gamePk=824263  (away)
       Tyler Davis: 28p  0.2ip
       Joe Rock: 47p  2.1ip
       Trevor Richards: 16p  1.0ip
       Chris Murphy: 16p  1.0ip
     Boxscore: 2026-06-21  gamePk=824260  (away)
       Bryan Hudson: 10p  1.0ip
       Grant Taylor: 20p  1.0ip
       Seranthony DomĒnguez: 27p  1.0ip
       Brandon Eisert: 14p  0.0ip
       Jordan Hicks: 2p  0.0ip
     Boxscore: 2026-06-22  gamePk=824585  (home)
       Grant Taylor: 30p  0.2ip
       Bryan Hudson: 23p  1.1ip
       Seranthony DomĒnguez: 22p  0.1ip
       Chris Murphy: 6p  0.2ip
     Closer: Seranthony DomĒnguez (TAXED) | Taxed: 4

  -- LAD (id=119) --
     Season saves leader: Tanner Scott
     Completed games in lookback: 4
     Boxscore: 2026-06-20  gamePk=823937  (home)
       Edgardo Henriquez: 14p  1.0ip
       Alex Vesia: 20p  1.0ip
       Jonathan Hernßndez: 14p  1.0ip
     Boxscore: 2026-06-21  gamePk=823934  (home)
       Jack Dreyer: 23p  0.2ip
       Edgardo Henriquez: 11p  1.0ip
       Jonathan Hernßndez: 37p  1.2ip
       Chayce McDermott: 23p  1.1ip
       Miguel Rojas: 7p  1.0ip
     Boxscore: 2026-06-22  gamePk=823692  (away)
       Eric Lauer: 84p  6.0ip
       Kyle Hurt: 11p  1.0ip
       Tanner Scott: 11p  1.0ip  SAVE
     Closer: Tanner Scott (available) | Taxed: 3

  -- MIN (id=142) --
     Season saves leader: Yoendrys G¾mez
     Completed games in lookback: 4
     Boxscore: 2026-06-20  gamePk=825068  (away)
       Anthony Banda: 12p  1.0ip
       Justin Lawrence: 40p  0.2ip
       Eric Orze: 24p  1.1ip
       Yoendrys G¾mez: 7p  1.0ip
     Boxscore: 2026-06-21  gamePk=825067  (away)
       Cody Laweryson: 14p  1.0ip
       Andrew Morris: 17p  1.0ip
       Yoendrys G¾mez: 20p  1.0ip
       Anthony Banda: 10p  1.0ip  SAVE
     Boxscore: 2026-06-22  gamePk=823692  (home)
       Taylor Rogers: 17p  1.1ip
       Eric Orze: 11p  0.2ip
       Andrew Morris: 15p  1.0ip
     Closer: Yoendrys G¾mez (available) | Taxed: 3

  -- AZ (id=109) --
     Season saves leader: Paul Sewald
     Completed games in lookback: 4
     Boxscore: 2026-06-20  gamePk=825068  (home)
       Yilber DĒaz: 44p  0.2ip
       Philip Abner: 44p  2.2ip
       Ildemaro Vargas: 20p  1.2ip
     Boxscore: 2026-06-21  gamePk=825067  (home)
       Brandyn Garcia: 8p  1.0ip
       Juan Morillo: 22p  1.0ip
       Kevin Ginkel: 25p  1.0ip
       Ryan Thompson: 16p  1.0ip
     Boxscore: 2026-06-22  gamePk=823040  (away)
       Taylor Clarke: 27p  1.2ip
       Jonathan Loßisiga: 4p  0.1ip
     Closer: Paul Sewald (available) | Taxed: 2

  -- STL (id=138) --
     Season saves leader: Riley O'Brien
     Completed games in lookback: 3
     Boxscore: 2026-06-19  gamePk=824097  (away)
       George Soriano: 18p  1.0ip
       Matt Svanson: 23p  2.0ip
     Boxscore: 2026-06-21  gamePk=824095  (away)
       Max Rajcic: 23p  1.1ip
       Matt Svanson: 17p  0.2ip
       Gordon Graceffo: 10p  1.0ip
       JoJo Romero: 14p  1.0ip
       Ryne Stanek: 11p  1.0ip
       George Soriano: 14p  1.0ip
       Riley O'Brien: 12p  1.0ip
     Boxscore: 2026-06-22  gamePk=823040  (home)
       Ryne Stanek: 11p  0.2ip
       JoJo Romero: 9p  1.0ip
       George Soriano: 5p  0.1ip
       Riley O'Brien: 17p  1.0ip  SAVE
     Closer: Riley O'Brien (TAXED) | Taxed: 4

  -- BOS (id=111) --
     Season saves leader: Aroldis Chapman
     Completed games in lookback: 4
     Boxscore: 2026-06-20  gamePk=823126  (away)
       Tyron Guerrero: 14p  1.0ip
       Garrett Whitlock: 15p  1.0ip
       Danny Coulombe: 5p  1.0ip
     Boxscore: 2026-06-21  gamePk=823123  (away)
       Danny Coulombe: 18p  1.0ip
       Ryan Watson: 12p  1.0ip
     Boxscore: 2026-06-22  gamePk=824344  (away)
       Tyron Guerrero: 8p  1.0ip
       Garrett Whitlock: 11p  1.0ip
       Aroldis Chapman: 8p  0.0ip
     Closer: Aroldis Chapman (available) | Taxed: 3

  -- COL (id=115) --
     Season saves leader: Victor Vodnik
     Completed games in lookback: 4
     Boxscore: 2026-06-20  gamePk=824342  (home)
       Jimmy Herget: 20p  1.1ip
       Brennan Bernardino: 21p  1.0ip
       Jaden Hill: 13p  0.2ip  SAVE
     Boxscore: 2026-06-21  gamePk=824343  (home)
       Juan Mejia: 32p  1.2ip
       John Brebbia: 24p  2.0ip
     Boxscore: 2026-06-22  gamePk=824344  (home)
       Brennan Bernardino: 18p  1.0ip
       Victor Vodnik: 30p  2.0ip
     Closer: Victor Vodnik (TAXED) | Taxed: 2

  -- BAL (id=110) --
     Season saves leader: Ryan Helsley
     Completed games in lookback: 4
     Boxscore: 2026-06-20  gamePk=823937  (away)
       Rico Garcia: 11p  0.2ip
       Grant Wolfram: 3p  0.1ip
       Andrew Kittredge: 10p  0.1ip
       Yennier Cano: 15p  0.2ip  SAVE
     Boxscore: 2026-06-21  gamePk=823934  (away)
       Grant Wolfram: 14p  2.0ip
       Keegan Akin: 37p  2.0ip
     Boxscore: 2026-06-22  gamePk=824016  (away)
       Rico Garcia: 9p  1.0ip
     Closer: Ryan Helsley (available) | Taxed: 1

  -- LAA (id=108) --
     Season saves leader: Jordan Romano
     Completed games in lookback: 4
     Boxscore: 2026-06-20  gamePk=824988  (away)
       Samy Natera Jr.: 28p  1.1ip
       Ryan Zeferjahn: 24p  1.2ip
       Kirby Yates: 15p  1.0ip
     Boxscore: 2026-06-21  gamePk=824987  (away)
       Brent Suter: 20p  1.0ip
       Chase Silseth: 24p  1.0ip
       Sam Bachman: 11p  1.0ip  SAVE
     Boxscore: 2026-06-22  gamePk=824016  (home)
       Josķ Fermin: 26p  1.1ip
       Brent Suter: 35p  2.0ip
       Kirby Yates: 13p  1.0ip
     Closer: Jordan Romano (available) | Taxed: 3

  -- ATL (id=144) --
     Season saves leader: Raisel Iglesias
     Completed games in lookback: 4
     Boxscore: 2026-06-20  gamePk=824909  (home)
       Didier Fuentes: 28p  1.1ip
       James Karinchak: 10p  1.0ip
       Dylan Lee: 11p  1.0ip
     Boxscore: 2026-06-21  gamePk=824908  (home)
       Reynaldo L¾pez: 58p  3.0ip
     Boxscore: 2026-06-22  gamePk=823288  (away)
       Didier Fuentes: 4p  0.1ip
       James Karinchak: 22p  1.2ip
       Dylan Dodd: 39p  1.1ip
     Closer: Raisel Iglesias (available) | Taxed: 3

  -- SD (id=135) --
     Season saves leader: Mason Miller
     Completed games in lookback: 4
     Boxscore: 2026-06-20  gamePk=822885  (away)
       Kyle Hart: 10p  0.2ip
       Jason Adam: 28p  1.0ip
       Adrian Morejon: 35p  2.0ip
       Mason Miller: 21p  1.0ip  SAVE
     Boxscore: 2026-06-21  gamePk=822883  (away)
       Lucas Giolito: 66p  4.0ip
       Kyle Hart: 11p  1.0ip
       Ron Marinaccio: 15p  1.0ip
       Yuki Matsui: 17p  1.0ip
     Boxscore: 2026-06-22  gamePk=823288  (home)
       Adrian Morejon: 12p  1.0ip
       Mason Miller: 20p  1.0ip  SAVE
     Closer: Mason Miller (available) | Taxed: 2

  -- ATH (id=133) --
     Season saves leader: Hogan Harris
     Completed games in lookback: 3
     Boxscore: 2026-06-19  gamePk=824990  (home)
       Justin Sterner: 26p  1.1ip
       Josķ Suarez: 30p  2.0ip
       Scott Barlow: 11p  1.0ip
       Elvis Alvarado: 21p  2.0ip
     Boxscore: 2026-06-20  gamePk=824988  (home)
       Scott Barlow: 24p  0.2ip
       Geoff Hartlieb: 43p  3.0ip
     Boxscore: 2026-06-21  gamePk=824987  (home)
       Matt Krook: 18p  1.0ip
       Luis Medina: 15p  1.0ip
       Hogan Harris: 18p  0.1ip
       Elvis Alvarado: 21p  1.2ip
     Closer: Hogan Harris (available) | Taxed: 0

  -- SF (id=137) --
     Season saves leader: Caleb Kilian
     Completed games in lookback: 3
     Boxscore: 2026-06-19  gamePk=823853  (away)
       Sam Hentges: 11p  0.1ip
       Ryan Walker: 8p  0.2ip
       Dylan Smith: 18p  0.2ip
       Erik Miller: 5p  0.1ip
     Boxscore: 2026-06-20  gamePk=823854  (away)
       Matt Gage: 28p  0.2ip
       JT Brubaker: 35p  2.1ip
       Tristan Beck: 18p  2.0ip
     Boxscore: 2026-06-21  gamePk=823852  (away)
       (no reliever data returned)
     Closer: Caleb Kilian (available) | Taxed: 0


Step 3: Writing bullpen context to games.json...
  HOU @ TOR: 4 away taxed / 3 home taxed
  NYY @ DET: 2 away taxed / 3 home taxed
  KC @ TB: 2 away taxed / 3 home taxed
  TEX @ MIA: 4 away taxed / 4 home taxed
  SEA @ PIT: 0 away taxed / 0 home taxed
  PHI @ WAS: 3 away taxed / 2 home taxed
  CHC @ NYM: 0 away taxed / 0 home taxed
  MIL @ CIN: 4 away taxed / 4 home taxed
  CLE @ CHW: 3 away taxed / 4 home taxed
  LAD @ MIN: 3 away taxed / 3 home taxed
  AZ @ STL: 2 away taxed / 4 home taxed
  BOS @ COL: 3 away taxed / 2 home taxed
  BAL @ LAA: 1 away taxed / 3 home taxed
  ATL @ SD: 3 away taxed / 2 home taxed
  ATH @ SF: 0 away taxed / 0 home taxed

Step 4: Saved -> data\mlb\2026-06-23\games.json

=======================================================
  BULLPEN SUMMARY Ś 2026-06-23
=======================================================

  HOU @ TOR
    HOU: ERA N/A | Closer: Bryan King (TAXED)
    !! AJ Blubaugh [likely_unavailable] Ś 38p yesterday
    !! Bryan King [likely_unavailable] Ś 11p yesterday, 11p 2 days ago, consecutive
     ~ Enyel De Los Santos [reduced] Ś 19p yesterday
     ~ Logan VanWey [reduced] Ś 16p yesterday
    TOR: ERA N/A | Closer: Louis Varland (available)
     ~ Tyler Rogers [reduced] Ś 19p yesterday
     ~ Louis Varland [reduced] Ś 12p yesterday
     ~ Braydon Fisher [reduced] Ś 6p yesterday

  NYY @ DET
    NYY: ERA N/A | Closer: David Bednar (available)
    !! Ryan Yarbrough [likely_unavailable] Ś 31p yesterday
    !! Paul Blackburn [likely_unavailable] Ś 18p yesterday, 7p 2 days ago, consecutive
    DET: ERA N/A | Closer: Kenley Jansen (available)
    !! Will Vest [likely_unavailable] Ś 12p yesterday, 16p 2 days ago, consecutive
    !! Drew Sommers [likely_unavailable] Ś 6p yesterday, 17p 2 days ago, consecutive
     ~ Drew Anderson [reduced] Ś 19p yesterday

  KC @ TB
    KC: ERA N/A | Closer: Lucas Erceg (available)
     ~ John Schreiber [reduced] Ś 18p yesterday
     ~ Alex Lange [reduced] Ś 15p yesterday
    TB: ERA N/A | Closer: Bryan Baker (available)
     ~ Craig Kimbrel [reduced] Ś 14p yesterday
     ~ Cole Sulser [reduced] Ś 13p yesterday
     ~ Cam Booser [reduced] Ś 9p yesterday

  TEX @ MIA
    TEX: ERA N/A | Closer: Jacob Latz (TAXED)
    !! Kumar Rocker [likely_unavailable] Ś 76p yesterday
    !! Jacob Latz [likely_unavailable] Ś 31p yesterday
    !! Jakob Junis [likely_unavailable] Ś 17p yesterday, 15p 2 days ago, consecutive
    !! Robby Ahlstrom [likely_unavailable] Ś 8p yesterday, 12p 2 days ago, consecutive
    MIA: ERA N/A | Closer: Pete Fairbanks (available)
    !! Calvin Faucher [likely_unavailable] Ś 24p yesterday, 12p 2 days ago, consecutive
    !! Michael Petersen [likely_unavailable] Ś 13p yesterday, 16p 2 days ago, consecutive
     ~ Dax Fulton [reduced] Ś 16p yesterday
     ~ Anthony Bender [reduced] Ś 7p yesterday

  SEA @ PIT
    SEA: ERA N/A | Closer: Andrķs Mu±oz (available)
       No heavy usage in last 2 days
    PIT: ERA N/A | Closer: Gregory Soto (available)
       No heavy usage in last 2 days

  PHI @ WAS
    PHI: ERA N/A | Closer: Jhoan Duran (available)
    !! Alan Rangel [likely_unavailable] Ś 72p yesterday
     ~ Chase Shugart [reduced] Ś 24p yesterday
     ~ Seth Johnson [reduced] Ś 17p yesterday
    WAS: ERA N/A | Closer: Clayton Beeter (available)
     ~ Richard Lovelady [reduced] Ś 9p yesterday
     ~ Clayton Beeter [reduced] Ś 6p yesterday

  CHC @ NYM
    CHC: ERA N/A | Closer: Daniel Palencia (available)
       No heavy usage in last 2 days
    NYM: ERA N/A | Closer: Devin Williams (available)
       No heavy usage in last 2 days

  MIL @ CIN
    MIL: ERA N/A | Closer: Trevor Megill (available)
     ~ Aaron Ashby [reduced] Ś 17p yesterday
     ~ Trevor Megill [reduced] Ś 12p yesterday
     ~ Abner Uribe [reduced] Ś 10p yesterday
     ~ Joel Kuhnel [reduced] Ś 10p yesterday
    CIN: ERA N/A | Closer: Emilio Pagßn (available)
    !! Tony Santillan [likely_unavailable] Ś 13p yesterday, 16p 2 days ago, consecutive
    !! Sam Moll [likely_unavailable] Ś 12p yesterday, 21p 2 days ago, consecutive
     ~ Tejay Antone [reduced] Ś 11p yesterday
     ~ Brock Burke [reduced] Ś 6p yesterday

  CLE @ CHW
    CLE: ERA N/A | Closer: Cade Smith (TAXED)
    !! Cade Smith [likely_unavailable] Ś 28p yesterday
     ~ Tim Herrin [reduced] Ś 16p yesterday
     ~ Shawn Armstrong [reduced] Ś 14p yesterday
    CHW: ERA N/A | Closer: Seranthony DomĒnguez (TAXED)
    !! Grant Taylor [likely_unavailable] Ś 30p yesterday, 20p 2 days ago, consecutive
    !! Bryan Hudson [likely_unavailable] Ś 23p yesterday, 10p 2 days ago, consecutive
    !! Seranthony DomĒnguez [likely_unavailable] Ś 22p yesterday, 27p 2 days ago, consecutive
     ~ Chris Murphy [reduced] Ś 6p yesterday

  LAD @ MIN
    LAD: ERA N/A | Closer: Tanner Scott (available)
    !! Eric Lauer [likely_unavailable] Ś 84p yesterday
     ~ Kyle Hurt [reduced] Ś 11p yesterday
     ~ Tanner Scott [reduced] Ś 11p yesterday
    MIN: ERA N/A | Closer: Yoendrys G¾mez (available)
    !! Andrew Morris [likely_unavailable] Ś 15p yesterday, 17p 2 days ago, consecutive
     ~ Taylor Rogers [reduced] Ś 17p yesterday
     ~ Eric Orze [reduced] Ś 11p yesterday

  AZ @ STL
    AZ: ERA N/A | Closer: Paul Sewald (available)
    !! Taylor Clarke [likely_unavailable] Ś 27p yesterday
     ~ Jonathan Loßisiga [reduced] Ś 4p yesterday
    STL: ERA N/A | Closer: Riley O'Brien (TAXED)
    !! Riley O'Brien [likely_unavailable] Ś 17p yesterday, 12p 2 days ago, consecutive
    !! Ryne Stanek [likely_unavailable] Ś 11p yesterday, 11p 2 days ago, consecutive
    !! JoJo Romero [likely_unavailable] Ś 9p yesterday, 14p 2 days ago, consecutive
    !! George Soriano [likely_unavailable] Ś 5p yesterday, 14p 2 days ago, consecutive, 3-in-4 (3/4 days)

  BOS @ COL
    BOS: ERA N/A | Closer: Aroldis Chapman (available)
     ~ Garrett Whitlock [reduced] Ś 11p yesterday
     ~ Tyron Guerrero [reduced] Ś 8p yesterday
     ~ Aroldis Chapman [reduced] Ś 8p yesterday
    COL: ERA N/A | Closer: Victor Vodnik (TAXED)
    !! Victor Vodnik [likely_unavailable] Ś 30p yesterday
     ~ Brennan Bernardino [reduced] Ś 18p yesterday

  BAL @ LAA
    BAL: ERA N/A | Closer: Ryan Helsley (available)
     ~ Rico Garcia [reduced] Ś 9p yesterday
    LAA: ERA N/A | Closer: Jordan Romano (available)
    !! Brent Suter [likely_unavailable] Ś 35p yesterday, 20p 2 days ago, consecutive
    !! Josķ Fermin [likely_unavailable] Ś 26p yesterday
     ~ Kirby Yates [reduced] Ś 13p yesterday

  ATL @ SD
    ATL: ERA N/A | Closer: Raisel Iglesias (available)
    !! Dylan Dodd [likely_unavailable] Ś 39p yesterday
     ~ James Karinchak [reduced] Ś 22p yesterday
     ~ Didier Fuentes [reduced] Ś 4p yesterday
    SD: ERA N/A | Closer: Mason Miller (available)
     ~ Mason Miller [reduced] Ś 20p yesterday
     ~ Adrian Morejon [reduced] Ś 12p yesterday

  ATH @ SF
    ATH: ERA N/A | Closer: Hogan Harris (available)
       No heavy usage in last 2 days
    SF: ERA N/A | Closer: Caleb Kilian (available)
       No heavy usage in last 2 days

=======================================================


-------------------------------------------------------
  RUNNING: Lineups
-------------------------------------------------------

=======================================================
  FETCH LINEUPS  MLB
  Date:    2026-06-23
  Sources: MLB Stats API schedule?hydrate=lineups + /roster (40Man)
=======================================================

Loaded 15 games

Step 1: Fetching all lineups via schedule?hydrate=lineups...
  Games with lineups confirmed: 0 / 15

  HOU @ TOR: not yet confirmed
  NYY @ DET: not yet confirmed
  KC @ TB: not yet confirmed
  TEX @ MIA: not yet confirmed
  SEA @ PIT: not yet confirmed
  PHI @ WAS: not yet confirmed
  CHC @ NYM: not yet confirmed
  MIL @ CIN: not yet confirmed
  CLE @ CHW: not yet confirmed
  LAD @ MIN: not yet confirmed
  AZ @ STL: not yet confirmed
  BOS @ COL: not yet confirmed
  BAL @ LAA: not yet confirmed
  ATL @ SD: not yet confirmed
  ATH @ SF: not yet confirmed

Saved -> data\mlb\2026-06-23\games.json

=======================================================
  DONE
  Confirmed:    0
  Not yet:      15
  NOTE: lineups usually post 2-3 hours before first pitch
=======================================================


-------------------------------------------------------
  RUNNING: Rotowire Exp
-------------------------------------------------------
Fetching Rotowire expected lineups (date=2026-06-23)...
  Wrote 15 matchup(s) -> data\mlb\2026-06-23\rotowire_lineups.json
  HOU@TOR: away=9b (expected), home=9b (expected)
  NYY@DET: away=9b (expected), home=9b (expected)
  SEA@PIT: away=9b (expected), home=9b (expected)
  TEX@MIA: away=9b (expected), home=9b (expected)
  KC@TB: away=9b (expected), home=9b (expected)
  PHI@WSH: away=9b (expected), home=9b (expected)
  MIL@CIN: away=9b (expected), home=9b (expected)
  CHC@NYM: away=9b (expected), home=9b (expected)
  CLE@CHW: away=9b (expected), home=9b (expected)
  LAD@MIN: away=9b (expected), home=9b (expected)
  AZ@STL: away=9b (expected), home=9b (expected)
  BOS@COL: away=9b (expected), home=9b (expected)
  BAL@LAA: away=9b (expected), home=9b (expected)
  ATL@SD: away=9b (expected), home=9b (expected)
  ATH@SF: away=9b (expected), home=9b (expected)

-------------------------------------------------------
  RUNNING: Umpire Infer
-------------------------------------------------------

==========================================================
  UMPIRE INFERENCE  MLB
  Date:      2026-06-23
  Yesterday: 2026-06-22
  Method:    crew rotation (2B yesterday -> HP today)
  Scope:     series continuations only (seriesGameNumber > 1)
==========================================================

Loaded 15 games from games.json

  Fetching today's schedule (2026-06-23) for series context...
  Fetching yesterday's officials (2026-06-22) for crew positions...
  Yesterday: 12 game(s) with confirmed officials

Step 3: Applying inference to games.json...
  EST HOU @ TOR: Chad Whitson (inferred from yesterday's 2B)
  EST NYY @ DET: Alan Porter (inferred from yesterday's 2B)
  EST KC @ TB: Mike Muchlinski (inferred from yesterday's 2B)
  EST TEX @ MIA: James Jean (inferred from yesterday's 2B)
  --- SEA @ PIT: game 1 of new series -- cannot infer
  EST PHI @ WAS: Adam Beck (inferred from yesterday's 2B)
  --- CHC @ NYM: game 1 of new series -- cannot infer
  EST MIL @ CIN: Adam Hamari (inferred from yesterday's 2B)
  EST CLE @ CHW: Tripp Gibson (inferred from yesterday's 2B)
  EST LAD @ MIN: Ryan Additon (inferred from yesterday's 2B)
  EST AZ @ STL: Bruce Dreckman (inferred from yesterday's 2B)
  EST BOS @ COL: Brennan Miller (inferred from yesterday's 2B)
  EST BAL @ LAA: James Hoye (inferred from yesterday's 2B)
  EST ATL @ SD: Dan Bellino (inferred from yesterday's 2B)
  --- ATH @ SF: game 1 of new series -- cannot infer

Saved -> data\mlb\2026-06-23\games.json

==========================================================
  INFERENCE SUMMARY  2026-06-23
==========================================================
  Inferred (series cont.):  12
  New series (no data):     3

  NOTE: inferred values are ~85-90% accurate within a series.
  Run fetch_umpires.py 1-2 hrs before first pitch to confirm.
==========================================================


-------------------------------------------------------
  RUNNING: Umpires
-------------------------------------------------------

=======================================================
  FETCH UMPIRES Ś MLB
  Source:  MLB Stats API schedule?hydrate=officials
  Date:    2026-06-23
  NOTE:    Assignments post ~1-2 hrs before first pitch.
=======================================================

Loaded 15 games

Step 1: Fetching all officials via schedule?hydrate=officials...
  Received 15 games from schedule API

Step 2: Matching officials to games.json...
  -- HOU @ TOR: not yet assigned  (gamePk=822799)
  -- NYY @ DET: not yet assigned  (gamePk=824262)
  -- KC @ TB: not yet assigned  (gamePk=822963)
  -- TEX @ MIA: not yet assigned  (gamePk=823849)
  -- SEA @ PIT: not yet assigned  (gamePk=823365)
  -- PHI @ WAS: not yet assigned  (gamePk=822718)
  -- CHC @ NYM: not yet assigned  (gamePk=823614)
  -- MIL @ CIN: not yet assigned  (gamePk=824501)
  -- CLE @ CHW: not yet assigned  (gamePk=824584)
  -- LAD @ MIN: not yet assigned  (gamePk=823690)
  -- AZ @ STL: not yet assigned  (gamePk=823043)
  -- BOS @ COL: not yet assigned  (gamePk=824340)
  -- BAL @ LAA: not yet assigned  (gamePk=824017)
  -- ATL @ SD: not yet assigned  (gamePk=823286)
  -- ATH @ SF: not yet assigned  (gamePk=823210)

Step 3: Saved -> data\mlb\2026-06-23\games.json

=======================================================
  UMPIRE SUMMARY
=======================================================
  Matchup                 Plate Umpire                  Status
  ----------------------------------------------------------
  -- HOU @ TOR             Ś not yet assigned Ś          unassigned
  -- NYY @ DET             Ś not yet assigned Ś          unassigned
  -- KC @ TB               Ś not yet assigned Ś          unassigned
  -- TEX @ MIA             Ś not yet assigned Ś          unassigned
  -- SEA @ PIT             Ś not yet assigned Ś          unassigned
  -- PHI @ WAS             Ś not yet assigned Ś          unassigned
  -- CHC @ NYM             Ś not yet assigned Ś          unassigned
  -- MIL @ CIN             Ś not yet assigned Ś          unassigned
  -- CLE @ CHW             Ś not yet assigned Ś          unassigned
  -- LAD @ MIN             Ś not yet assigned Ś          unassigned
  -- AZ @ STL              Ś not yet assigned Ś          unassigned
  -- BOS @ COL             Ś not yet assigned Ś          unassigned
  -- BAL @ LAA             Ś not yet assigned Ś          unassigned
  -- ATL @ SD              Ś not yet assigned Ś          unassigned
  -- ATH @ SF              Ś not yet assigned Ś          unassigned

  Assigned:   0
  Unassigned: 15
  Total:      15

  Re-run at 02:08 PM ET (2 hours before first pitch)
  Assignments are usually posted by then.
=======================================================


=======================================================
  DATA COMPLETENESS GATE  MLB  2026-06-23
=======================================================
  Game             Side  Pitcher                      ID    HH%   Brl%  Result
  ---------------  ----  ----------------------  -------  -----  -----  ------
  HOU@TOR          Away  Peter Lambert            663567   39.1    6.3  OK
  HOU@TOR          Home  Shane Bieber             669456      Ś      Ś  FAIL(HH%,Brl%=null)
  NYY@DET          Away  Carlos Rod¾n             607074   38.2    5.6  OK
  NYY@DET          Home  Casey Mize               663554   35.7    7.9  OK
  KC@TB            Away  Luinder Avila            679883   31.2    7.3  OK
  KC@TB            Home  Shane McClanahan         663556   42.0    8.5  OK
  TEX@MIA          Away  Cal Quantrill            615698   39.1    9.8  OK
  TEX@MIA          Home  Sandy Alcantara          645261   35.7    6.2  OK
  SEA@PIT          Away  George Kirby             669923   41.8    6.2  OK
  SEA@PIT          Home  Mitch Keller             656605   41.0    6.4  OK
  PHI@WAS          Away  Jes·s Luzardo            666200   28.9    6.4  OK
  PHI@WAS          Home  Zack Littell             641793   45.5   11.4  OK
  CHC@NYM          Away  Edward Cabrera           665795   42.2   12.6  OK
  CHC@NYM          Home  Kodai Senga              673540   38.2   11.8  OK
  MIL@CIN          Away  Brandon Sproat           687075   43.0    9.1  OK
  MIL@CIN          Home  Nick Lodolo              666157   39.6    8.6  OK
  CLE@CHW          Away  Parker Messick           800048   34.7    5.8  OK
  CLE@CHW          Home  Sean Burke               680732   36.3    7.2  OK
  LAD@MIN          Away  Justin Wrobleski         680736   44.4    7.3  OK
  LAD@MIN          Home  Kendry Rojas             696070   36.1    8.3  OK
  AZ@STL           Away  Eduardo Rodriguez        593958   35.7    8.0  OK
  AZ@STL           Home  Kyle Leahy               681517   50.7   11.6  OK
  BOS@COL          Away  Sonny Gray               543243   37.5    7.2  OK
  BOS@COL          Home  Sean Sullivan            807743   28.6    0.0  OK
  BAL@LAA          Away  Shane Baz                669358   40.7    8.1  OK
  BAL@LAA          Home  Ryan Johnson             696270   42.1    8.8  OK
  ATL@SD           Away  JR Ritchie               702275   40.0    7.0  OK
  ATL@SD           Home  TBD                           Ś      Ś      Ś  SKIP(TBD)
  ATH@SF           Away  Aaron Civale             650644   48.0    9.8  OK
  ATH@SF           Home  Robbie Ray               592662   36.9   11.6  OK

  Gate FAILED  1 pitcher(s) missing required stats:
    - HOU@TOR Home: Shane Bieber Ś HH% and Brl% null (fetch_pitcher_advanced.py not run or wrong interpreter)

  Fix:
    1. Check the !!! WARNING banner above for which fetch step failed
    2. Re-run pitcher advanced fetch:
       C:\Users\marko\AppData\Local\Programs\Python\Python312\python.exe scripts\fetch_pitcher_advanced.py --sport mlb --date 2026-06-23
    3. Then re-run the pipeline (fetches are idempotent):
       C:\Users\marko\AppData\Local\Programs\Python\Python312\python.exe scripts\run_daily.py mlb --date 2026-06-23

  Override (only when data is genuinely unavailable, e.g. off-day):
    C:\Users\marko\AppData\Local\Programs\Python\Python312\python.exe scripts\run_daily.py mlb --date 2026-06-23 --skip-gate
=======================================================


=======================================================
  PIPELINE SUMMARY  MLB  2026-06-23
=======================================================

  Step              Result              Time
  ----------------  ----------------  ------
  Odds              OK                  1.2s
  Covers Lines      FAILED (optional)    0.5s
  Opener Lines      FAILED (optional)    0.1s
  Pitchers          OK                 24.5s
  Pitcher Adv.      OK                 28.9s
  Weather           OK                 14.5s
  Team Stats        OK                 30.5s
  Bullpen           OK                154.3s
  Lineups           OK                 24.3s
  Rotowire Exp      OK                  3.2s
  Umpire Infer      OK                  1.9s
  Umpires           OK                  1.0s
  Gate              FAILED              0.0s

  Prompt : not generated
  Total  : 285s

=======================================================

  Pipeline halted at data completeness gate.
  Fix the missing stats (see above), then re-run.

